  [1m[35m (295.5ms)[0m  [1m[35mCREATE DATABASE "VirtulaShop_development" ENCODING = 'unicode'[0m
  ↳ bin/rails:9
  [1m[35m (161.2ms)[0m  [1m[35mCREATE DATABASE "VirtulaShop_test" ENCODING = 'unicode'[0m
  ↳ bin/rails:9
  [1m[35m (23.2ms)[0m  [1m[35mCREATE TABLE "schema_migrations" ("version" character varying NOT NULL PRIMARY KEY)[0m
  ↳ bin/rails:9
  [1m[35m (20.1ms)[0m  [1m[35mCREATE TABLE "ar_internal_metadata" ("key" character varying NOT NULL PRIMARY KEY, "value" character varying, "created_at" timestamp NOT NULL, "updated_at" timestamp NOT NULL)[0m
  ↳ bin/rails:9
  [1m[35m (6.3ms)[0m  [1m[34mSELECT pg_try_advisory_lock(5318176663460298750)[0m
  ↳ bin/rails:9
  [1m[35m (0.8ms)[0m  [1m[34mSELECT "schema_migrations"."version" FROM "schema_migrations" ORDER BY "schema_migrations"."version" ASC[0m
  ↳ bin/rails:9
Migrating to CreateUsers (20200623181458)
  [1m[35m (6.2ms)[0m  [1m[35mBEGIN[0m
  ↳ bin/rails:9
  [1m[35m (22.7ms)[0m  [1m[35mCREATE TABLE "users" ("id" bigserial primary key, "username" character varying NOT NULL, "session_token" character varying NOT NULL, "password_digest" character varying NOT NULL, "email" character varying NOT NULL, "mailing_address" character varying, "phone_number" character varying, "cart_id" character varying, "order_id" character varying, "store_id" character varying, "created_at" timestamp NOT NULL, "updated_at" timestamp NOT NULL)[0m
  ↳ db/migrate/20200623181458_create_users.rb:3
  [1m[35m (1.3ms)[0m  [1m[35mCREATE  INDEX  "index_users_on_username" ON "users"  ("username")[0m
  ↳ db/migrate/20200623181458_create_users.rb:15
  [1m[35m (0.9ms)[0m  [1m[35mCREATE  INDEX  "index_users_on_password_digest" ON "users"  ("password_digest")[0m
  ↳ db/migrate/20200623181458_create_users.rb:16
  [1m[35m (1.0ms)[0m  [1m[35mCREATE  INDEX  "index_users_on_session_token" ON "users"  ("session_token")[0m
  ↳ db/migrate/20200623181458_create_users.rb:17
  [1m[35m (1.1ms)[0m  [1m[35mCREATE  INDEX  "index_users_on_email" ON "users"  ("email")[0m
  ↳ db/migrate/20200623181458_create_users.rb:18
  [1m[36mActiveRecord::SchemaMigration Create (1.3ms)[0m  [1m[32mINSERT INTO "schema_migrations" ("version") VALUES ($1) RETURNING "version"[0m  [["version", "20200623181458"]]
  ↳ bin/rails:9
  [1m[35m (0.5ms)[0m  [1m[35mCOMMIT[0m
  ↳ bin/rails:9
  [1m[36mActiveRecord::InternalMetadata Load (0.6ms)[0m  [1m[34mSELECT  "ar_internal_metadata".* FROM "ar_internal_metadata" WHERE "ar_internal_metadata"."key" = $1 LIMIT $2[0m  [["key", "environment"], ["LIMIT", 1]]
  ↳ bin/rails:9
  [1m[35m (0.1ms)[0m  [1m[35mBEGIN[0m
  ↳ bin/rails:9
  [1m[36mActiveRecord::InternalMetadata Create (12.4ms)[0m  [1m[32mINSERT INTO "ar_internal_metadata" ("key", "value", "created_at", "updated_at") VALUES ($1, $2, $3, $4) RETURNING "key"[0m  [["key", "environment"], ["value", "development"], ["created_at", "2020-06-23 18:28:02.096975"], ["updated_at", "2020-06-23 18:28:02.096975"]]
  ↳ bin/rails:9
  [1m[35m (4.9ms)[0m  [1m[35mCOMMIT[0m
  ↳ bin/rails:9
  [1m[35m (0.3ms)[0m  [1m[34mSELECT pg_advisory_unlock(5318176663460298750)[0m
  ↳ bin/rails:9
  [1m[35m (0.5ms)[0m  [1m[34mSELECT "schema_migrations"."version" FROM "schema_migrations" ORDER BY "schema_migrations"."version" ASC[0m
  ↳ bin/rails:9
Started GET "/" for ::1 at 2020-06-23 12:55:28 -0700
  [1m[35m (1.2ms)[0m  [1m[34mSELECT "schema_migrations"."version" FROM "schema_migrations" ORDER BY "schema_migrations"."version" ASC[0m
  ↳ /Users/skyhawk/.rbenv/versions/2.5.1/lib/ruby/gems/2.5.0/gems/activerecord-5.2.4.3/lib/active_record/log_subscriber.rb:98

ActionController::RoutingError - uninitialized constant StaticPagesController:

Started POST "/__better_errors/d6fd6fff20cd046b/variables" for ::1 at 2020-06-23 12:55:30 -0700
Started GET "/" for ::1 at 2020-06-23 12:57:26 -0700

ActionController::RoutingError - uninitialized constant StaticPagesController:

Started POST "/__better_errors/351590c2bb3d2707/variables" for ::1 at 2020-06-23 12:57:26 -0700
Started GET "/" for ::1 at 2020-06-23 12:57:28 -0700

ActionController::RoutingError - uninitialized constant StaticPagesController:

Started POST "/__better_errors/8f90931a8b14d5e6/variables" for ::1 at 2020-06-23 12:57:28 -0700
Started GET "/" for ::1 at 2020-06-23 12:57:54 -0700

ActionController::RoutingError - uninitialized constant StaticPagesController:

Started POST "/__better_errors/da57fcc88041844e/variables" for ::1 at 2020-06-23 12:57:54 -0700
Started GET "/" for ::1 at 2020-06-23 12:58:42 -0700

SyntaxError - syntax error, unexpected keyword_end, expecting end-of-input:
  app/controllers/application_controller.rb:35:in `'
  app/controllers/concerns/static_pages_controller.rb:1:in `<top (required)>'

Started POST "/__better_errors/28b0d05fcb2c3ecb/variables" for ::1 at 2020-06-23 12:58:42 -0700
Started GET "/" for ::1 at 2020-06-23 12:58:59 -0700
Processing by StaticPagesController#root as HTML
Completed 406 Not Acceptable in 76ms (ActiveRecord: 0.0ms)



ActionController::UnknownFormat - StaticPagesController#root is missing a template for this request format and variant.

request.formats: ["text/html"]
request.variant: []

NOTE! For XHR/Ajax or API requests, this action would normally respond with 204 No Content: an empty white screen. Since you're loading it in a web browser, we assume that you expected to actually render a template, not nothing, so we're showing an error to be extra-clear. If you expect 204 No Content, carry on. That's what you'll get from an XHR or API request. Give it a shot.:

Started POST "/__better_errors/de0014db500e1004/variables" for ::1 at 2020-06-23 12:58:59 -0700
Started GET "/" for ::1 at 2020-06-23 13:04:55 -0700
Processing by StaticPagesController#root as HTML
Completed 406 Not Acceptable in 80ms (ActiveRecord: 0.0ms)



ActionController::UnknownFormat - StaticPagesController#root is missing a template for this request format and variant.

request.formats: ["text/html"]
request.variant: []

NOTE! For XHR/Ajax or API requests, this action would normally respond with 204 No Content: an empty white screen. Since you're loading it in a web browser, we assume that you expected to actually render a template, not nothing, so we're showing an error to be extra-clear. If you expect 204 No Content, carry on. That's what you'll get from an XHR or API request. Give it a shot.:

Started POST "/__better_errors/039a985a4d0bf437/variables" for ::1 at 2020-06-23 13:04:56 -0700
Started GET "/" for ::1 at 2020-06-23 13:06:19 -0700
Processing by StaticPagesController#root as HTML
Completed 406 Not Acceptable in 87ms (ActiveRecord: 0.0ms)



ActionController::UnknownFormat - StaticPagesController#root is missing a template for this request format and variant.

request.formats: ["text/html"]
request.variant: []

NOTE! For XHR/Ajax or API requests, this action would normally respond with 204 No Content: an empty white screen. Since you're loading it in a web browser, we assume that you expected to actually render a template, not nothing, so we're showing an error to be extra-clear. If you expect 204 No Content, carry on. That's what you'll get from an XHR or API request. Give it a shot.:

Started POST "/__better_errors/0d232e95cb3eae1a/variables" for ::1 at 2020-06-23 13:06:19 -0700
Started GET "/" for ::1 at 2020-06-23 13:11:50 -0700
Processing by StaticPagesController#root as HTML
Completed 406 Not Acceptable in 79ms (ActiveRecord: 0.0ms)



ActionController::UnknownFormat - StaticPagesController#root is missing a template for this request format and variant.

request.formats: ["text/html"]
request.variant: []

NOTE! For XHR/Ajax or API requests, this action would normally respond with 204 No Content: an empty white screen. Since you're loading it in a web browser, we assume that you expected to actually render a template, not nothing, so we're showing an error to be extra-clear. If you expect 204 No Content, carry on. That's what you'll get from an XHR or API request. Give it a shot.:

Started POST "/__better_errors/9ffea1cf04b79362/variables" for ::1 at 2020-06-23 13:11:50 -0700
Started GET "/" for ::1 at 2020-06-23 13:11:52 -0700
Processing by StaticPagesController#root as HTML
Completed 406 Not Acceptable in 78ms (ActiveRecord: 0.0ms)



ActionController::UnknownFormat - StaticPagesController#root is missing a template for this request format and variant.

request.formats: ["text/html"]
request.variant: []

NOTE! For XHR/Ajax or API requests, this action would normally respond with 204 No Content: an empty white screen. Since you're loading it in a web browser, we assume that you expected to actually render a template, not nothing, so we're showing an error to be extra-clear. If you expect 204 No Content, carry on. That's what you'll get from an XHR or API request. Give it a shot.:

Started POST "/__better_errors/14e2735123643b35/variables" for ::1 at 2020-06-23 13:11:52 -0700
Started GET "/" for ::1 at 2020-06-23 13:14:40 -0700
Processing by StaticPagesController#root as HTML
  Rendering static_pages/root.html.erb within layouts/application
  Rendered static_pages/root.html.erb within layouts/application (2.2ms)
Completed 200 OK in 1518ms (Views: 1515.0ms | ActiveRecord: 0.0ms)


  [1m[36mUser Load (4.2ms)[0m  [1m[34mSELECT "users".* FROM "users"[0m
  [1m[36mUser Load (0.5ms)[0m  [1m[34mSELECT  "users".* FROM "users" WHERE "users"."session_token" = $1 LIMIT $2[0m  [["session_token", "IBkXdT2VcdOg9KhTA1r0mw"], ["LIMIT", 1]]
  [1m[35m (0.2ms)[0m  [1m[35mBEGIN[0m
  [1m[36mUser Exists (0.9ms)[0m  [1m[34mSELECT  1 AS one FROM "users" WHERE "users"."username" = $1 LIMIT $2[0m  [["username", "suman"], ["LIMIT", 1]]
  [1m[36mUser Create (1.8ms)[0m  [1m[32mINSERT INTO "users" ("username", "session_token", "password_digest", "email", "created_at", "updated_at") VALUES ($1, $2, $3, $4, $5, $6) RETURNING "id"[0m  [["username", "suman"], ["session_token", "IBkXdT2VcdOg9KhTA1r0mw"], ["password_digest", "$2a$12$Jn7/N8NIdttPsdrjU.TBNupLOs0DxSGALRXvvXnlcLeVjryDgX8fG"], ["email", "neil_kamal123@"], ["created_at", "2020-06-23 20:41:51.894508"], ["updated_at", "2020-06-23 20:41:51.894508"]]
  [1m[35m (10.7ms)[0m  [1m[35mCOMMIT[0m
  [1m[35m (7.4ms)[0m  [1m[34mSELECT "schema_migrations"."version" FROM "schema_migrations" ORDER BY "schema_migrations"."version" ASC[0m
  ↳ bin/rails:9
  [1m[35m (6.6ms)[0m  [1m[34mSELECT "ar_internal_metadata"."value" FROM "ar_internal_metadata" WHERE "ar_internal_metadata"."key" = $1[0m  [["key", "environment"]]
  ↳ bin/rails:9
  [1m[35m (0.5ms)[0m  [1m[34mSELECT "schema_migrations"."version" FROM "schema_migrations" ORDER BY "schema_migrations"."version" ASC[0m
  ↳ bin/rails:9
  [1m[35m (3.7ms)[0m  [1m[34mSELECT "ar_internal_metadata"."value" FROM "ar_internal_metadata" WHERE "ar_internal_metadata"."key" = $1[0m  [["key", "environment"]]
  ↳ bin/rails:9
  [1m[35m (0.3ms)[0m  [1m[34mSELECT "schema_migrations"."version" FROM "schema_migrations" ORDER BY "schema_migrations"."version" ASC[0m
  ↳ bin/rails:9
  [1m[35m (0.2ms)[0m  [1m[34mSELECT "ar_internal_metadata"."value" FROM "ar_internal_metadata" WHERE "ar_internal_metadata"."key" = $1[0m  [["key", "environment"]]
  ↳ bin/rails:9
  [1m[35m (8674.8ms)[0m  [1m[35mDROP DATABASE IF EXISTS "VirtulaShop_development"[0m
  ↳ bin/rails:9
  [1m[35m (1.0ms)[0m  [1m[34mSELECT "schema_migrations"."version" FROM "schema_migrations" ORDER BY "schema_migrations"."version" ASC[0m
  ↳ bin/rails:9
  [1m[35m (0.5ms)[0m  [1m[34mSELECT "ar_internal_metadata"."value" FROM "ar_internal_metadata" WHERE "ar_internal_metadata"."key" = $1[0m  [["key", "environment"]]
  ↳ bin/rails:9
  [1m[35m (0.2ms)[0m  [1m[34mSELECT "schema_migrations"."version" FROM "schema_migrations" ORDER BY "schema_migrations"."version" ASC[0m
  ↳ bin/rails:9
  [1m[35m (0.3ms)[0m  [1m[34mSELECT "ar_internal_metadata"."value" FROM "ar_internal_metadata" WHERE "ar_internal_metadata"."key" = $1[0m  [["key", "environment"]]
  ↳ bin/rails:9
  [1m[35m (0.2ms)[0m  [1m[34mSELECT "schema_migrations"."version" FROM "schema_migrations" ORDER BY "schema_migrations"."version" ASC[0m
  ↳ bin/rails:9
  [1m[35m (0.5ms)[0m  [1m[34mSELECT "ar_internal_metadata"."value" FROM "ar_internal_metadata" WHERE "ar_internal_metadata"."key" = $1[0m  [["key", "environment"]]
  ↳ bin/rails:9
  [1m[35m (8653.1ms)[0m  [1m[35mDROP DATABASE IF EXISTS "VirtulaShop_development"[0m
  ↳ bin/rails:9
  [1m[35m (0.8ms)[0m  [1m[34mSELECT "schema_migrations"."version" FROM "schema_migrations" ORDER BY "schema_migrations"."version" ASC[0m
  ↳ bin/rails:9
  [1m[35m (0.4ms)[0m  [1m[34mSELECT "ar_internal_metadata"."value" FROM "ar_internal_metadata" WHERE "ar_internal_metadata"."key" = $1[0m  [["key", "environment"]]
  ↳ bin/rails:9
  [1m[35m (0.2ms)[0m  [1m[34mSELECT "schema_migrations"."version" FROM "schema_migrations" ORDER BY "schema_migrations"."version" ASC[0m
  ↳ bin/rails:9
  [1m[35m (0.2ms)[0m  [1m[34mSELECT "ar_internal_metadata"."value" FROM "ar_internal_metadata" WHERE "ar_internal_metadata"."key" = $1[0m  [["key", "environment"]]
  ↳ bin/rails:9
  [1m[35m (0.2ms)[0m  [1m[34mSELECT "schema_migrations"."version" FROM "schema_migrations" ORDER BY "schema_migrations"."version" ASC[0m
  ↳ bin/rails:9
  [1m[35m (0.2ms)[0m  [1m[34mSELECT "ar_internal_metadata"."value" FROM "ar_internal_metadata" WHERE "ar_internal_metadata"."key" = $1[0m  [["key", "environment"]]
  ↳ bin/rails:9
  [1m[35m (8635.8ms)[0m  [1m[35mDROP DATABASE IF EXISTS "VirtulaShop_development"[0m
  ↳ bin/rails:9
  [1m[35m (0.8ms)[0m  [1m[34mSELECT "schema_migrations"."version" FROM "schema_migrations" ORDER BY "schema_migrations"."version" ASC[0m
  ↳ bin/rails:9
  [1m[35m (0.4ms)[0m  [1m[34mSELECT "ar_internal_metadata"."value" FROM "ar_internal_metadata" WHERE "ar_internal_metadata"."key" = $1[0m  [["key", "environment"]]
  ↳ bin/rails:9
  [1m[35m (0.2ms)[0m  [1m[34mSELECT "schema_migrations"."version" FROM "schema_migrations" ORDER BY "schema_migrations"."version" ASC[0m
  ↳ bin/rails:9
  [1m[35m (0.2ms)[0m  [1m[34mSELECT "ar_internal_metadata"."value" FROM "ar_internal_metadata" WHERE "ar_internal_metadata"."key" = $1[0m  [["key", "environment"]]
  ↳ bin/rails:9
  [1m[35m (0.2ms)[0m  [1m[34mSELECT "schema_migrations"."version" FROM "schema_migrations" ORDER BY "schema_migrations"."version" ASC[0m
  ↳ bin/rails:9
  [1m[35m (0.2ms)[0m  [1m[34mSELECT "ar_internal_metadata"."value" FROM "ar_internal_metadata" WHERE "ar_internal_metadata"."key" = $1[0m  [["key", "environment"]]
  ↳ bin/rails:9
  [1m[35m (8646.8ms)[0m  [1m[35mDROP DATABASE IF EXISTS "VirtulaShop_development"[0m
  ↳ bin/rails:9
  [1m[35m (0.3ms)[0m  [1m[34mSELECT pg_try_advisory_lock(5318176663460298750)[0m
  ↳ bin/rails:9
  [1m[35m (1.3ms)[0m  [1m[34mSELECT "schema_migrations"."version" FROM "schema_migrations" ORDER BY "schema_migrations"."version" ASC[0m
  ↳ bin/rails:9
Migrating to RemoveColumn (20200623215306)
  [1m[35m (0.2ms)[0m  [1m[35mBEGIN[0m
  ↳ bin/rails:9
  [1m[35m (31.5ms)[0m  [1m[35mALTER TABLE "users" DROP COLUMN "cart_id"[0m
  ↳ db/migrate/20200623215306_remove_column.rb:3
  [1m[36mActiveRecord::SchemaMigration Create (1.4ms)[0m  [1m[32mINSERT INTO "schema_migrations" ("version") VALUES ($1) RETURNING "version"[0m  [["version", "20200623215306"]]
  ↳ bin/rails:9
  [1m[35m (0.5ms)[0m  [1m[35mCOMMIT[0m
  ↳ bin/rails:9
  [1m[36mActiveRecord::InternalMetadata Load (1.5ms)[0m  [1m[34mSELECT  "ar_internal_metadata".* FROM "ar_internal_metadata" WHERE "ar_internal_metadata"."key" = $1 LIMIT $2[0m  [["key", "environment"], ["LIMIT", 1]]
  ↳ bin/rails:9
  [1m[35m (0.2ms)[0m  [1m[35mBEGIN[0m
  ↳ bin/rails:9
  [1m[35m (0.1ms)[0m  [1m[35mCOMMIT[0m
  ↳ bin/rails:9
  [1m[35m (0.3ms)[0m  [1m[34mSELECT pg_advisory_unlock(5318176663460298750)[0m
  ↳ bin/rails:9
  [1m[35m (0.3ms)[0m  [1m[34mSELECT "schema_migrations"."version" FROM "schema_migrations" ORDER BY "schema_migrations"."version" ASC[0m
  ↳ bin/rails:9
  [1m[35m (0.2ms)[0m  [1m[34mSELECT pg_try_advisory_lock(5318176663460298750)[0m
  ↳ bin/rails:9
  [1m[35m (0.7ms)[0m  [1m[34mSELECT "schema_migrations"."version" FROM "schema_migrations" ORDER BY "schema_migrations"."version" ASC[0m
  ↳ bin/rails:9
Migrating to RmoveCart (20200623215549)
  [1m[35m (0.2ms)[0m  [1m[35mBEGIN[0m
  ↳ bin/rails:9
  [1m[35m (1.3ms)[0m  [1m[35mALTER TABLE "users" DROP COLUMN "store_id"[0m
  ↳ db/migrate/20200623215549_rmove_cart.rb:3
  [1m[35m (1.1ms)[0m  [1m[35mALTER TABLE "users" DROP COLUMN "order_id"[0m
  ↳ db/migrate/20200623215549_rmove_cart.rb:4
  [1m[36mActiveRecord::SchemaMigration Create (0.4ms)[0m  [1m[32mINSERT INTO "schema_migrations" ("version") VALUES ($1) RETURNING "version"[0m  [["version", "20200623215549"]]
  ↳ bin/rails:9
  [1m[35m (6.0ms)[0m  [1m[35mCOMMIT[0m
  ↳ bin/rails:9
  [1m[36mActiveRecord::InternalMetadata Load (0.5ms)[0m  [1m[34mSELECT  "ar_internal_metadata".* FROM "ar_internal_metadata" WHERE "ar_internal_metadata"."key" = $1 LIMIT $2[0m  [["key", "environment"], ["LIMIT", 1]]
  ↳ bin/rails:9
  [1m[35m (0.2ms)[0m  [1m[35mBEGIN[0m
  ↳ bin/rails:9
  [1m[35m (0.1ms)[0m  [1m[35mCOMMIT[0m
  ↳ bin/rails:9
  [1m[35m (0.3ms)[0m  [1m[34mSELECT pg_advisory_unlock(5318176663460298750)[0m
  ↳ bin/rails:9
  [1m[35m (0.2ms)[0m  [1m[34mSELECT "schema_migrations"."version" FROM "schema_migrations" ORDER BY "schema_migrations"."version" ASC[0m
  ↳ bin/rails:9
  [1m[36mUser Load (1.3ms)[0m  [1m[34mSELECT "users".* FROM "users"[0m
  [1m[36mUser Load (0.4ms)[0m  [1m[34mSELECT  "users".* FROM "users" WHERE "users"."session_token" = $1 LIMIT $2[0m  [["session_token", "R14TBBLib_Etxn0dXhX67Q"], ["LIMIT", 1]]
  [1m[35m (0.2ms)[0m  [1m[35mBEGIN[0m
  [1m[36mUser Exists (0.4ms)[0m  [1m[34mSELECT  1 AS one FROM "users" WHERE "users"."username" = $1 LIMIT $2[0m  [["username", "ram"], ["LIMIT", 1]]
  [1m[36mUser Create (32.9ms)[0m  [1m[32mINSERT INTO "users" ("username", "session_token", "password_digest", "created_at", "updated_at") VALUES ($1, $2, $3, $4, $5) RETURNING "id"[0m  [["username", "ram"], ["session_token", "R14TBBLib_Etxn0dXhX67Q"], ["password_digest", "$2a$12$qVG5WpvWjpsb/mC50e6l1.56fkqtbrk9M7DdAP7Ew9QYjJasf3iT."], ["created_at", "2020-06-23 22:22:30.466557"], ["updated_at", "2020-06-23 22:22:30.466557"]]
  [1m[35m (0.2ms)[0m  [1m[31mROLLBACK[0m
  [1m[36mUser Load (0.5ms)[0m  [1m[34mSELECT  "users".* FROM "users" WHERE "users"."session_token" = $1 LIMIT $2[0m  [["session_token", "LlcMsriMLSrale2kyhNHig"], ["LIMIT", 1]]
  [1m[35m (0.1ms)[0m  [1m[35mBEGIN[0m
  [1m[36mUser Exists (0.3ms)[0m  [1m[34mSELECT  1 AS one FROM "users" WHERE "users"."username" = $1 LIMIT $2[0m  [["username", "ram"], ["LIMIT", 1]]
  [1m[36mUser Create (6.4ms)[0m  [1m[32mINSERT INTO "users" ("username", "session_token", "password_digest", "email", "created_at", "updated_at") VALUES ($1, $2, $3, $4, $5, $6) RETURNING "id"[0m  [["username", "ram"], ["session_token", "LlcMsriMLSrale2kyhNHig"], ["password_digest", "$2a$12$UJlgGq39vbj.BVkWw/HuC.kld05WDg9jwghxyd.eM2Gp1/ITevCBW"], ["email", "hello@"], ["created_at", "2020-06-23 22:23:02.799563"], ["updated_at", "2020-06-23 22:23:02.799563"]]
  [1m[35m (7.4ms)[0m  [1m[35mCOMMIT[0m
Started POST "/api/session?user[%22ram%22]&user[%22khadka%22]" for ::1 at 2020-06-23 15:23:47 -0700
  [1m[35m (9.4ms)[0m  [1m[34mSELECT "schema_migrations"."version" FROM "schema_migrations" ORDER BY "schema_migrations"."version" ASC[0m
  ↳ /Users/skyhawk/.rbenv/versions/2.5.1/lib/ruby/gems/2.5.0/gems/activerecord-5.2.4.3/lib/active_record/log_subscriber.rb:98
Processing by Api::SessionsController#create as JSON
  Parameters: {"user"=>{"\"ram\""=>nil, "\"khadka\""=>nil}}
Can't verify CSRF token authenticity.
Completed 422 Unprocessable Entity in 1ms (ActiveRecord: 0.0ms)



ActionController::InvalidAuthenticityToken - ActionController::InvalidAuthenticityToken:

Started POST "/api/session?user[%22ram%22]&user[%22khadka%22]" for ::1 at 2020-06-23 15:27:54 -0700
Processing by Api::SessionsController#create as JSON
  Parameters: {"user"=>{"\"ram\""=>nil, "\"khadka\""=>nil}}
  [1m[36mUser Load (1.1ms)[0m  [1m[34mSELECT  "users".* FROM "users" WHERE "users"."username" IS NULL LIMIT $1[0m  [["LIMIT", 1]]
  ↳ app/models/user.rb:13
  [1m[36mUser Load (0.3ms)[0m  [1m[34mSELECT  "users".* FROM "users" WHERE "users"."email" IS NULL LIMIT $1[0m  [["LIMIT", 1]]
  ↳ app/models/user.rb:13
Completed 401 Unauthorized in 25ms (Views: 0.3ms | ActiveRecord: 8.9ms)


Started POST "/api/session?user[%22hello@%22]&user[%22khadka%22]" for ::1 at 2020-06-23 15:29:07 -0700
Processing by Api::SessionsController#create as JSON
  Parameters: {"user"=>{"\"hello@\""=>nil, "\"khadka\""=>nil}}
  [1m[36mUser Load (0.4ms)[0m  [1m[34mSELECT  "users".* FROM "users" WHERE "users"."username" IS NULL LIMIT $1[0m  [["LIMIT", 1]]
  ↳ app/models/user.rb:13
  [1m[36mUser Load (0.4ms)[0m  [1m[34mSELECT  "users".* FROM "users" WHERE "users"."email" IS NULL LIMIT $1[0m  [["LIMIT", 1]]
  ↳ app/models/user.rb:13
Completed 401 Unauthorized in 4ms (Views: 0.2ms | ActiveRecord: 0.8ms)


  [1m[36mUser Load (1.1ms)[0m  [1m[34mSELECT  "users".* FROM "users" WHERE "users"."email" = $1 LIMIT $2[0m  [["email", "hello@"], ["LIMIT", 1]]
  [1m[36mUser Load (0.6ms)[0m  [1m[34mSELECT  "users".* FROM "users" WHERE "users"."username" = $1 LIMIT $2[0m  [["username", "suman"], ["LIMIT", 1]]
  [1m[36mUser Load (0.4ms)[0m  [1m[34mSELECT  "users".* FROM "users" WHERE "users"."session_token" = $1 LIMIT $2[0m  [["session_token", "hj3Ijh8xTRPyLNTm1aM_Lg"], ["LIMIT", 1]]
  [1m[35m (0.1ms)[0m  [1m[35mBEGIN[0m
  [1m[36mUser Exists (0.9ms)[0m  [1m[34mSELECT  1 AS one FROM "users" WHERE "users"."username" = $1 LIMIT $2[0m  [["username", "hello"], ["LIMIT", 1]]
  [1m[36mUser Create (0.7ms)[0m  [1m[32mINSERT INTO "users" ("username", "session_token", "password_digest", "email", "created_at", "updated_at") VALUES ($1, $2, $3, $4, $5, $6) RETURNING "id"[0m  [["username", "hello"], ["session_token", "hj3Ijh8xTRPyLNTm1aM_Lg"], ["password_digest", "$2a$12$odYRDT9J7Q5fmJmiYUPy8uKhCw/vLY9bYrrDzte58CmSboxE0EkFS"], ["email", "null"], ["created_at", "2020-06-23 22:36:14.127340"], ["updated_at", "2020-06-23 22:36:14.127340"]]
  [1m[35m (5.8ms)[0m  [1m[35mCOMMIT[0m
Started POST "/api/session?user[%22hello%22]&user[%22khadka%22]" for ::1 at 2020-06-23 15:36:28 -0700
Processing by Api::SessionsController#create as JSON
  Parameters: {"user"=>{"\"hello\""=>nil, "\"khadka\""=>nil}}
  [1m[36mUser Load (2.0ms)[0m  [1m[34mSELECT  "users".* FROM "users" WHERE "users"."username" IS NULL LIMIT $1[0m  [["LIMIT", 1]]
  ↳ app/models/user.rb:13
  [1m[36mUser Load (0.4ms)[0m  [1m[34mSELECT  "users".* FROM "users" WHERE "users"."email" IS NULL LIMIT $1[0m  [["LIMIT", 1]]
  ↳ app/models/user.rb:13
Completed 401 Unauthorized in 9ms (Views: 0.3ms | ActiveRecord: 2.7ms)


Started POST "/api/session?user[%22hello%22]&user[%22khadka%22]" for ::1 at 2020-06-23 15:37:05 -0700
Processing by Api::SessionsController#create as JSON
  Parameters: {"user"=>{"\"hello\""=>nil, "\"khadka\""=>nil}}
  [1m[36mUser Load (0.4ms)[0m  [1m[34mSELECT  "users".* FROM "users" WHERE "users"."username" IS NULL LIMIT $1[0m  [["LIMIT", 1]]
  ↳ app/models/user.rb:13
Completed 401 Unauthorized in 13ms (Views: 0.2ms | ActiveRecord: 5.8ms)


Started POST "/api/session?user[%22hello%22]&user[%22khadka%22]" for ::1 at 2020-06-23 15:37:06 -0700
Processing by Api::SessionsController#create as JSON
  Parameters: {"user"=>{"\"hello\""=>nil, "\"khadka\""=>nil}}
  [1m[36mUser Load (0.5ms)[0m  [1m[34mSELECT  "users".* FROM "users" WHERE "users"."username" IS NULL LIMIT $1[0m  [["LIMIT", 1]]
  ↳ app/models/user.rb:13
Completed 401 Unauthorized in 4ms (Views: 0.2ms | ActiveRecord: 0.5ms)


Started POST "/api/session?user[%22hello%22]&user[%22khadka%22]" for ::1 at 2020-06-23 15:48:00 -0700
Processing by Api::SessionsController#create as JSON
  Parameters: {"user"=>{"\"hello\""=>nil, "\"khadka\""=>nil}}
  [1m[36mUser Load (1.7ms)[0m  [1m[34mSELECT  "users".* FROM "users" WHERE "users"."username" IS NULL LIMIT $1[0m  [["LIMIT", 1]]
  ↳ app/models/user.rb:14
Completed 401 Unauthorized in 104337ms (Views: 0.3ms | ActiveRecord: 8.5ms)


Started POST "/api/session?user[%22hello%22]&user[%22khadka%22]" for ::1 at 2020-06-23 15:56:44 -0700
Processing by Api::SessionsController#create as JSON
  Parameters: {"user"=>{"\"hello\""=>nil, "\"khadka\""=>nil}}
Completed 500 Internal Server Error in 58942ms (ActiveRecord: 10.2ms)



SystemExit - exit:
  (byebug):1:in `exit'
  (byebug):1:in `find_by_credentials'
  app/models/user.rb:14:in `find_by_credentials'
  app/controllers/api/sessions_controller.rb:4:in `create'

Started POST "/api/session?user[hello]&user[khadka]" for ::1 at 2020-06-23 15:58:06 -0700
  [1m[35m (1.3ms)[0m  [1m[34mSELECT "schema_migrations"."version" FROM "schema_migrations" ORDER BY "schema_migrations"."version" ASC[0m
  ↳ /Users/skyhawk/.rbenv/versions/2.5.1/lib/ruby/gems/2.5.0/gems/activerecord-5.2.4.3/lib/active_record/log_subscriber.rb:98
Processing by Api::SessionsController#create as JSON
  Parameters: {"user"=>{"hello"=>nil, "khadka"=>nil}}
Started POST "/api/session?user[username]=suman&user[password]=[FILTERED]" for ::1 at 2020-06-23 15:59:18 -0700
  [1m[36mUser Load (0.8ms)[0m  [1m[34mSELECT  "users".* FROM "users" WHERE "users"."username" IS NULL LIMIT $1[0m  [["LIMIT", 1]]
  ↳ app/models/user.rb:14
Completed 401 Unauthorized in 72405ms (Views: 0.3ms | ActiveRecord: 8.7ms)


Processing by Api::SessionsController#create as JSON
  Parameters: {"user"=>{"username"=>"suman", "password"=>"[FILTERED]"}}
  [1m[36mUser Load (1.0ms)[0m  [1m[34mSELECT  "users".* FROM "users" WHERE "users"."username" = $1 LIMIT $2[0m  [["username", "suman"], ["LIMIT", 1]]
  ↳ app/models/user.rb:14
Completed 401 Unauthorized in 1197ms (Views: 0.2ms | ActiveRecord: 9.9ms)


Started POST "/api/session?user[username]=hello&user[password]=[FILTERED]" for ::1 at 2020-06-23 16:00:37 -0700
  [1m[35m (0.9ms)[0m  [1m[34mSELECT "schema_migrations"."version" FROM "schema_migrations" ORDER BY "schema_migrations"."version" ASC[0m
  ↳ /Users/skyhawk/.rbenv/versions/2.5.1/lib/ruby/gems/2.5.0/gems/activerecord-5.2.4.3/lib/active_record/log_subscriber.rb:98
Processing by Api::SessionsController#create as JSON
  Parameters: {"user"=>{"username"=>"hello", "password"=>"[FILTERED]"}}
  [1m[36mUser Load (1.2ms)[0m  [1m[34mSELECT  "users".* FROM "users" WHERE "users"."username" = $1 LIMIT $2[0m  [["username", "hello"], ["LIMIT", 1]]
  ↳ app/models/user.rb:14
  [1m[36mUser Load (0.3ms)[0m  [1m[34mSELECT  "users".* FROM "users" WHERE "users"."session_token" = $1 LIMIT $2[0m  [["session_token", "7PqGHE3JrIknWqrt-U7xjA"], ["LIMIT", 1]]
  ↳ app/models/user.rb:46
  [1m[35m (0.5ms)[0m  [1m[35mBEGIN[0m
  ↳ app/models/user.rb:30
  [1m[36mUser Exists (6.3ms)[0m  [1m[34mSELECT  1 AS one FROM "users" WHERE "users"."username" = $1 AND "users"."id" != $2 LIMIT $3[0m  [["username", "hello"], ["id", 4], ["LIMIT", 1]]
  ↳ app/models/user.rb:30
  [1m[36mUser Update (2.9ms)[0m  [1m[33mUPDATE "users" SET "session_token" = $1, "updated_at" = $2 WHERE "users"."id" = $3[0m  [["session_token", "7PqGHE3JrIknWqrt-U7xjA"], ["updated_at", "2020-06-23 23:01:30.673620"], ["id", 4]]
  ↳ app/models/user.rb:30
  [1m[35m (1.5ms)[0m  [1m[35mCOMMIT[0m
  ↳ app/models/user.rb:30
  Rendering api/users/show.json.jbuilder
  Rendered api/users/show.json.jbuilder (0.5ms)
Completed 200 OK in 52930ms (Views: 15.3ms | ActiveRecord: 26.0ms)


Started GET "/" for ::1 at 2020-06-24 02:18:20 -0700
  [1m[35m (12.3ms)[0m  [1m[34mSELECT "schema_migrations"."version" FROM "schema_migrations" ORDER BY "schema_migrations"."version" ASC[0m
  ↳ /Users/skyhawk/.rbenv/versions/2.5.1/lib/ruby/gems/2.5.0/gems/activerecord-5.2.4.3/lib/active_record/log_subscriber.rb:98
Processing by StaticPagesController#root as HTML
  Rendering static_pages/root.html.erb within layouts/application
  Rendered static_pages/root.html.erb within layouts/application (1.8ms)
Completed 200 OK in 1337ms (Views: 1334.9ms | ActiveRecord: 0.0ms)


